current directory: /Users/richardglover/src/swsdi-manager/vendor/bundle/ruby/2.6.0/gems/puma-4.3.3/ext/puma_http11
/Users/richardglover/.rbenv/versions/2.6.0/bin/ruby -I /Users/richardglover/.rbenv/versions/2.6.0/lib/ruby/2.6.0 -r ./siteconf20230210-15703-pc5ovq.rb extconf.rb
checking for BIO_read() in -lcrypto... yes
checking for SSL_CTX_new() in -lssl... yes
checking for openssl/bio.h... yes
checking for DTLS_method() in openssl/ssl.h... yes
checking for TLS_server_method() in openssl/ssl.h... yes
checking for SSL_CTX_set_min_proto_version in openssl/ssl.h... yes
creating Makefile

current directory: /Users/richardglover/src/swsdi-manager/vendor/bundle/ruby/2.6.0/gems/puma-4.3.3/ext/puma_http11
make "DESTDIR=" clean

current directory: /Users/richardglover/src/swsdi-manager/vendor/bundle/ruby/2.6.0/gems/puma-4.3.3/ext/puma_http11
make "DESTDIR="
compiling http11_parser.c
ext/puma_http11/http11_parser.c:44:18: warning: unused variable 'puma_parser_en_main' [-Wunused-const-variable]
static const int puma_parser_en_main = 1;
                 ^
1 warning generated.
compiling io_buffer.c
compiling mini_ssl.c
mini_ssl.c:149:16: warning: '(' and '{' tokens introducing statement expression appear in different macro expansion contexts [-Wcompound-token-split-by-macro]
  ID sym_key = rb_intern("key");
               ^~~~~~~~~~~~~~~~
/Users/richardglover/.rbenv/versions/2.6.0/include/ruby-2.6.0/ruby/ruby.h:1826:23: note: expanded from macro 'rb_intern'
        __extension__ (RUBY_CONST_ID_CACHE((ID), (str))) : \
                      ^
mini_ssl.c:149:16: note: '{' token is here
  ID sym_key = rb_intern("key");
               ^~~~~~~~~~~~~~~~
/Users/richardglover/.rbenv/versions/2.6.0/include/ruby-2.6.0/ruby/ruby.h:1826:24: note: expanded from macro 'rb_intern'
        __extension__ (RUBY_CONST_ID_CACHE((ID), (str))) : \
                       ^~~~~~~~~~~~~~~~~~~~~~~~~~~~~~~~
/Users/richardglover/.rbenv/versions/2.6.0/include/ruby-2.6.0/ruby/ruby.h:1811:5: note: expanded from macro 'RUBY_CONST_ID_CACHE'
    {                                                   \
    ^
mini_ssl.c:149:16: warning: '}' and ')' tokens terminating statement expression appear in different macro expansion contexts [-Wcompound-token-split-by-macro]
  ID sym_key = rb_intern("key");
               ^~~~~~~~~~~~~~~~
/Users/richardglover/.rbenv/versions/2.6.0/include/ruby-2.6.0/ruby/ruby.h:1826:24: note: expanded from macro 'rb_intern'
        __extension__ (RUBY_CONST_ID_CACHE((ID), (str))) : \
                       ^~~~~~~~~~~~~~~~~~~~~~~~~~~~~~~~
/Users/richardglover/.rbenv/versions/2.6.0/include/ruby-2.6.0/ruby/ruby.h:1816:5: note: expanded from macro 'RUBY_CONST_ID_CACHE'
    }
    ^
mini_ssl.c:149:16: note: ')' token is here
  ID sym_key = rb_intern("key");
               ^~~~~~~~~~~~~~~~
/Users/richardglover/.rbenv/versions/2.6.0/include/ruby-2.6.0/ruby/ruby.h:1826:56: note: expanded from macro 'rb_intern'
        __extension__ (RUBY_CONST_ID_CACHE((ID), (str))) : \
                                                       ^
mini_ssl.c:154:17: warning: '(' and '{' tokens introducing statement expression appear in different macro expansion contexts [-Wcompound-token-split-by-macro]
  ID sym_cert = rb_intern("cert");
                ^~~~~~~~~~~~~~~~~
/Users/richardglover/.rbenv/versions/2.6.0/include/ruby-2.6.0/ruby/ruby.h:1826:23: note: expanded from macro 'rb_intern'
        __extension__ (RUBY_CONST_ID_CACHE((ID), (str))) : \
                      ^
mini_ssl.c:154:17: note: '{' token is here
  ID sym_cert = rb_intern("cert");
                ^~~~~~~~~~~~~~~~~
/Users/richardglover/.rbenv/versions/2.6.0/include/ruby-2.6.0/ruby/ruby.h:1826:24: note: expanded from macro 'rb_intern'
        __extension__ (RUBY_CONST_ID_CACHE((ID), (str))) : \
                       ^~~~~~~~~~~~~~~~~~~~~~~~~~~~~~~~
/Users/richardglover/.rbenv/versions/2.6.0/include/ruby-2.6.0/ruby/ruby.h:1811:5: note: expanded from macro 'RUBY_CONST_ID_CACHE'
    {                                                   \
    ^
mini_ssl.c:154:17: warning: '}' and ')' tokens terminating statement expression appear in different macro expansion contexts [-Wcompound-token-split-by-macro]
  ID sym_cert = rb_intern("cert");
                ^~~~~~~~~~~~~~~~~
/Users/richardglover/.rbenv/versions/2.6.0/include/ruby-2.6.0/ruby/ruby.h:1826:24: note: expanded from macro 'rb_intern'
        __extension__ (RUBY_CONST_ID_CACHE((ID), (str))) : \
                       ^~~~~~~~~~~~~~~~~~~~~~~~~~~~~~~~
/Users/richardglover/.rbenv/versions/2.6.0/include/ruby-2.6.0/ruby/ruby.h:1816:5: note: expanded from macro 'RUBY_CONST_ID_CACHE'
    }
    ^
mini_ssl.c:154:17: note: ')' token is here
  ID sym_cert = rb_intern("cert");
                ^~~~~~~~~~~~~~~~~
/Users/richardglover/.rbenv/versions/2.6.0/include/ruby-2.6.0/ruby/ruby.h:1826:56: note: expanded from macro 'rb_intern'
        __extension__ (RUBY_CONST_ID_CACHE((ID), (str))) : \
                                                       ^
mini_ssl.c:159:15: warning: '(' and '{' tokens introducing statement expression appear in different macro expansion contexts [-Wcompound-token-split-by-macro]
  ID sym_ca = rb_intern("ca");
              ^~~~~~~~~~~~~~~
/Users/richardglover/.rbenv/versions/2.6.0/include/ruby-2.6.0/ruby/ruby.h:1826:23: note: expanded from macro 'rb_intern'
        __extension__ (RUBY_CONST_ID_CACHE((ID), (str))) : \
                      ^
mini_ssl.c:159:15: note: '{' token is here
  ID sym_ca = rb_intern("ca");
              ^~~~~~~~~~~~~~~
/Users/richardglover/.rbenv/versions/2.6.0/include/ruby-2.6.0/ruby/ruby.h:1826:24: note: expanded from macro 'rb_intern'
        __extension__ (RUBY_CONST_ID_CACHE((ID), (str))) : \
                       ^~~~~~~~~~~~~~~~~~~~~~~~~~~~~~~~
/Users/richardglover/.rbenv/versions/2.6.0/include/ruby-2.6.0/ruby/ruby.h:1811:5: note: expanded from macro 'RUBY_CONST_ID_CACHE'
    {                                                   \
    ^
mini_ssl.c:159:15: warning: '}' and ')' tokens terminating statement expression appear in different macro expansion contexts [-Wcompound-token-split-by-macro]
  ID sym_ca = rb_intern("ca");
              ^~~~~~~~~~~~~~~
/Users/richardglover/.rbenv/versions/2.6.0/include/ruby-2.6.0/ruby/ruby.h:1826:24: note: expanded from macro 'rb_intern'
        __extension__ (RUBY_CONST_ID_CACHE((ID), (str))) : \
                       ^~~~~~~~~~~~~~~~~~~~~~~~~~~~~~~~
/Users/richardglover/.rbenv/versions/2.6.0/include/ruby-2.6.0/ruby/ruby.h:1816:5: note: expanded from macro 'RUBY_CONST_ID_CACHE'
    }
    ^
mini_ssl.c:159:15: note: ')' token is here
  ID sym_ca = rb_intern("ca");
              ^~~~~~~~~~~~~~~
/Users/richardglover/.rbenv/versions/2.6.0/include/ruby-2.6.0/ruby/ruby.h:1826:56: note: expanded from macro 'rb_intern'
        __extension__ (RUBY_CONST_ID_CACHE((ID), (str))) : \
                                                       ^
mini_ssl.c:162:24: warning: '(' and '{' tokens introducing statement expression appear in different macro expansion contexts [-Wcompound-token-split-by-macro]
  ID sym_verify_mode = rb_intern("verify_mode");
                       ^~~~~~~~~~~~~~~~~~~~~~~~
/Users/richardglover/.rbenv/versions/2.6.0/include/ruby-2.6.0/ruby/ruby.h:1826:23: note: expanded from macro 'rb_intern'
        __extension__ (RUBY_CONST_ID_CACHE((ID), (str))) : \
                      ^
mini_ssl.c:162:24: note: '{' token is here
  ID sym_verify_mode = rb_intern("verify_mode");
                       ^~~~~~~~~~~~~~~~~~~~~~~~
/Users/richardglover/.rbenv/versions/2.6.0/include/ruby-2.6.0/ruby/ruby.h:1826:24: note: expanded from macro 'rb_intern'
        __extension__ (RUBY_CONST_ID_CACHE((ID), (str))) : \
                       ^~~~~~~~~~~~~~~~~~~~~~~~~~~~~~~~
/Users/richardglover/.rbenv/versions/2.6.0/include/ruby-2.6.0/ruby/ruby.h:1811:5: note: expanded from macro 'RUBY_CONST_ID_CACHE'
    {                                                   \
    ^
mini_ssl.c:162:24: warning: '}' and ')' tokens terminating statement expression appear in different macro expansion contexts [-Wcompound-token-split-by-macro]
  ID sym_verify_mode = rb_intern("verify_mode");
                       ^~~~~~~~~~~~~~~~~~~~~~~~
/Users/richardglover/.rbenv/versions/2.6.0/include/ruby-2.6.0/ruby/ruby.h:1826:24: note: expanded from macro 'rb_intern'
        __extension__ (RUBY_CONST_ID_CACHE((ID), (str))) : \
                       ^~~~~~~~~~~~~~~~~~~~~~~~~~~~~~~~
/Users/richardglover/.rbenv/versions/2.6.0/include/ruby-2.6.0/ruby/ruby.h:1816:5: note: expanded from macro 'RUBY_CONST_ID_CACHE'
    }
    ^
mini_ssl.c:162:24: note: ')' token is here
  ID sym_verify_mode = rb_intern("verify_mode");
                       ^~~~~~~~~~~~~~~~~~~~~~~~
/Users/richardglover/.rbenv/versions/2.6.0/include/ruby-2.6.0/ruby/ruby.h:1826:56: note: expanded from macro 'rb_intern'
        __extension__ (RUBY_CONST_ID_CACHE((ID), (str))) : \
                                                       ^
mini_ssl.c:165:30: warning: '(' and '{' tokens introducing statement expression appear in different macro expansion contexts [-Wcompound-token-split-by-macro]
  ID sym_ssl_cipher_filter = rb_intern("ssl_cipher_filter");
                             ^~~~~~~~~~~~~~~~~~~~~~~~~~~~~~
/Users/richardglover/.rbenv/versions/2.6.0/include/ruby-2.6.0/ruby/ruby.h:1826:23: note: expanded from macro 'rb_intern'
        __extension__ (RUBY_CONST_ID_CACHE((ID), (str))) : \
                      ^
mini_ssl.c:165:30: note: '{' token is here
  ID sym_ssl_cipher_filter = rb_intern("ssl_cipher_filter");
                             ^~~~~~~~~~~~~~~~~~~~~~~~~~~~~~
/Users/richardglover/.rbenv/versions/2.6.0/include/ruby-2.6.0/ruby/ruby.h:1826:24: note: expanded from macro 'rb_intern'
        __extension__ (RUBY_CONST_ID_CACHE((ID), (str))) : \
                       ^~~~~~~~~~~~~~~~~~~~~~~~~~~~~~~~
/Users/richardglover/.rbenv/versions/2.6.0/include/ruby-2.6.0/ruby/ruby.h:1811:5: note: expanded from macro 'RUBY_CONST_ID_CACHE'
    {                                                   \
    ^
mini_ssl.c:165:30: warning: '}' and ')' tokens terminating statement expression appear in different macro expansion contexts [-Wcompound-token-split-by-macro]
  ID sym_ssl_cipher_filter = rb_intern("ssl_cipher_filter");
                             ^~~~~~~~~~~~~~~~~~~~~~~~~~~~~~
/Users/richardglover/.rbenv/versions/2.6.0/include/ruby-2.6.0/ruby/ruby.h:1826:24: note: expanded from macro 'rb_intern'
        __extension__ (RUBY_CONST_ID_CACHE((ID), (str))) : \
                       ^~~~~~~~~~~~~~~~~~~~~~~~~~~~~~~~
/Users/richardglover/.rbenv/versions/2.6.0/include/ruby-2.6.0/ruby/ruby.h:1816:5: note: expanded from macro 'RUBY_CONST_ID_CACHE'
    }
    ^
mini_ssl.c:165:30: note: ')' token is here
  ID sym_ssl_cipher_filter = rb_intern("ssl_cipher_filter");
                             ^~~~~~~~~~~~~~~~~~~~~~~~~~~~~~
/Users/richardglover/.rbenv/versions/2.6.0/include/ruby-2.6.0/ruby/ruby.h:1826:56: note: expanded from macro 'rb_intern'
        __extension__ (RUBY_CONST_ID_CACHE((ID), (str))) : \
                                                       ^
mini_ssl.c:168:21: warning: '(' and '{' tokens introducing statement expression appear in different macro expansion contexts [-Wcompound-token-split-by-macro]
  ID sym_no_tlsv1 = rb_intern("no_tlsv1");
                    ^~~~~~~~~~~~~~~~~~~~~
/Users/richardglover/.rbenv/versions/2.6.0/include/ruby-2.6.0/ruby/ruby.h:1826:23: note: expanded from macro 'rb_intern'
        __extension__ (RUBY_CONST_ID_CACHE((ID), (str))) : \
                      ^
mini_ssl.c:168:21: note: '{' token is here
  ID sym_no_tlsv1 = rb_intern("no_tlsv1");
                    ^~~~~~~~~~~~~~~~~~~~~
/Users/richardglover/.rbenv/versions/2.6.0/include/ruby-2.6.0/ruby/ruby.h:1826:24: note: expanded from macro 'rb_intern'
        __extension__ (RUBY_CONST_ID_CACHE((ID), (str))) : \
                       ^~~~~~~~~~~~~~~~~~~~~~~~~~~~~~~~
/Users/richardglover/.rbenv/versions/2.6.0/include/ruby-2.6.0/ruby/ruby.h:1811:5: note: expanded from macro 'RUBY_CONST_ID_CACHE'
    {                                                   \
    ^
mini_ssl.c:168:21: warning: '}' and ')' tokens terminating statement expression appear in different macro expansion contexts [-Wcompound-token-split-by-macro]
  ID sym_no_tlsv1 = rb_intern("no_tlsv1");
                    ^~~~~~~~~~~~~~~~~~~~~
/Users/richardglover/.rbenv/versions/2.6.0/include/ruby-2.6.0/ruby/ruby.h:1826:24: note: expanded from macro 'rb_intern'
        __extension__ (RUBY_CONST_ID_CACHE((ID), (str))) : \
                       ^~~~~~~~~~~~~~~~~~~~~~~~~~~~~~~~
/Users/richardglover/.rbenv/versions/2.6.0/include/ruby-2.6.0/ruby/ruby.h:1816:5: note: expanded from macro 'RUBY_CONST_ID_CACHE'
    }
    ^
mini_ssl.c:168:21: note: ')' token is here
  ID sym_no_tlsv1 = rb_intern("no_tlsv1");
                    ^~~~~~~~~~~~~~~~~~~~~
/Users/richardglover/.rbenv/versions/2.6.0/include/ruby-2.6.0/ruby/ruby.h:1826:56: note: expanded from macro 'rb_intern'
        __extension__ (RUBY_CONST_ID_CACHE((ID), (str))) : \
                                                       ^
mini_ssl.c:171:23: warning: '(' and '{' tokens introducing statement expression appear in different macro expansion contexts [-Wcompound-token-split-by-macro]
  ID sym_no_tlsv1_1 = rb_intern("no_tlsv1_1");
                      ^~~~~~~~~~~~~~~~~~~~~~~
/Users/richardglover/.rbenv/versions/2.6.0/include/ruby-2.6.0/ruby/ruby.h:1826:23: note: expanded from macro 'rb_intern'
        __extension__ (RUBY_CONST_ID_CACHE((ID), (str))) : \
                      ^
mini_ssl.c:171:23: note: '{' token is here
  ID sym_no_tlsv1_1 = rb_intern("no_tlsv1_1");
                      ^~~~~~~~~~~~~~~~~~~~~~~
/Users/richardglover/.rbenv/versions/2.6.0/include/ruby-2.6.0/ruby/ruby.h:1826:24: note: expanded from macro 'rb_intern'
        __extension__ (RUBY_CONST_ID_CACHE((ID), (str))) : \
                       ^~~~~~~~~~~~~~~~~~~~~~~~~~~~~~~~
/Users/richardglover/.rbenv/versions/2.6.0/include/ruby-2.6.0/ruby/ruby.h:1811:5: note: expanded from macro 'RUBY_CONST_ID_CACHE'
    {                                                   \
    ^
mini_ssl.c:171:23: warning: '}' and ')' tokens terminating statement expression appear in different macro expansion contexts [-Wcompound-token-split-by-macro]
  ID sym_no_tlsv1_1 = rb_intern("no_tlsv1_1");
                      ^~~~~~~~~~~~~~~~~~~~~~~
/Users/richardglover/.rbenv/versions/2.6.0/include/ruby-2.6.0/ruby/ruby.h:1826:24: note: expanded from macro 'rb_intern'
        __extension__ (RUBY_CONST_ID_CACHE((ID), (str))) : \
                       ^~~~~~~~~~~~~~~~~~~~~~~~~~~~~~~~
/Users/richardglover/.rbenv/versions/2.6.0/include/ruby-2.6.0/ruby/ruby.h:1816:5: note: expanded from macro 'RUBY_CONST_ID_CACHE'
    }
    ^
mini_ssl.c:171:23: note: ')' token is here
  ID sym_no_tlsv1_1 = rb_intern("no_tlsv1_1");
                      ^~~~~~~~~~~~~~~~~~~~~~~
/Users/richardglover/.rbenv/versions/2.6.0/include/ruby-2.6.0/ruby/ruby.h:1826:56: note: expanded from macro 'rb_intern'
        __extension__ (RUBY_CONST_ID_CACHE((ID), (str))) : \
                                                       ^
mini_ssl.c:145:7: warning: unused variable 'min' [-Wunused-variable]
  int min, ssl_options;
      ^
mini_ssl.c:299:40: warning: function 'raise_error' could be declared with attribute 'noreturn' [-Wmissing-noreturn]
void raise_error(SSL* ssl, int result) {
                                       ^
16 warnings generated.
compiling puma_http11.c
puma_http11.c:203:22: error: implicitly declaring library function 'isspace' with type 'int (int)' [-Werror,-Wimplicit-function-declaration]
  while (vlen > 0 && isspace(value[vlen - 1])) vlen--;
                     ^
puma_http11.c:203:22: note: include the header <ctype.h> or explicitly provide a declaration for 'isspace'
1 error generated.
make: *** [puma_http11.o] Error 1

make failed, exit code 2
